  WindowsWindow.cpp
C:\Program Files (x86)\Windows Kits\10\Include\10.0.22621.0\shared\minwindef.h(130,1): warning C4005: 'APIENTRY': macro redefinition
  (compiling source file '/src/Cubes/Platform/WindowsWindow.cpp')
  C:\Dev\VoxelGame\Cubes\vendor\GLFW\include\GLFW\glfw3.h(123,1):
  see previous definition of 'APIENTRY'
  
C:\Dev\VoxelGame\Cubes\src\Cubes\Utility\Log.h(18,49): warning C4251: 'Cubes::Log::_coreLogger': class 'std::shared_ptr<spdlog::logger>' needs to have dll-interface to be used by clients of class 'Cubes::Log'
  (compiling source file '/src/Cubes/Platform/WindowsWindow.cpp')
  C:\Program Files\Microsoft Visual Studio\2022\Community\VC\Tools\MSVC\14.39.33519\include\memory(1525,7):
  see declaration of 'std::shared_ptr<spdlog::logger>'
  
C:\Dev\VoxelGame\Cubes\src\Cubes\Utility\Log.h(19,49): warning C4251: 'Cubes::Log::_clientLogger': class 'std::shared_ptr<spdlog::logger>' needs to have dll-interface to be used by clients of class 'Cubes::Log'
  (compiling source file '/src/Cubes/Platform/WindowsWindow.cpp')
  C:\Program Files\Microsoft Visual Studio\2022\Community\VC\Tools\MSVC\14.39.33519\include\memory(1525,7):
  see declaration of 'std::shared_ptr<spdlog::logger>'
  
C:\Dev\VoxelGame\Cubes\src\Cubes\Platform\WindowsWindow.cpp(101,43): warning C4244: 'argument': conversion from 'double' to 'float', possible loss of data
  (compiling source file '/src/Cubes/Platform/WindowsWindow.cpp')
  
C:\Dev\VoxelGame\Cubes\src\Cubes\Platform\WindowsWindow.cpp(101,34): warning C4244: 'argument': conversion from 'double' to 'float', possible loss of data
  (compiling source file '/src/Cubes/Platform/WindowsWindow.cpp')
  
C:\Dev\VoxelGame\Cubes\src\Cubes\Platform\WindowsWindow.cpp(108,37): warning C4244: 'argument': conversion from 'double' to 'float', possible loss of data
  (compiling source file '/src/Cubes/Platform/WindowsWindow.cpp')
  
C:\Dev\VoxelGame\Cubes\src\Cubes\Platform\WindowsWindow.cpp(108,31): warning C4244: 'argument': conversion from 'double' to 'float', possible loss of data
  (compiling source file '/src/Cubes/Platform/WindowsWindow.cpp')
  
C:\Dev\VoxelGame\Cubes\src\Cubes\Platform\WindowsWindow.cpp(121,28): warning C4305: 'argument': truncation from 'double' to 'GLclampf'
  (compiling source file '/src/Cubes/Platform/WindowsWindow.cpp')
  
     Creating library ..\bin\Release-windows-x86_64\Cubes\Cubes.lib and object ..\bin\Release-windows-x86_64\Cubes\Cubes.exp
  Cubes.vcxproj -> C:\Dev\VoxelGame\bin\Release-windows-x86_64\Cubes\Cubes.dll
          1 Datei(en) kopiert.
