  VoxelGame.cpp
C:\Dev\VoxelGame\Cubes\src\Cubes\Utility\Log.h(18,49): warning C4251: 'Cubes::Log::_coreLogger': class 'std::shared_ptr<spdlog::logger>' needs to have dll-interface to be used by clients of class 'Cubes::Log'
  (compiling source file 'src/VoxelGame.cpp')
  C:\Program Files\Microsoft Visual Studio\2022\Community\VC\Tools\MSVC\14.39.33519\include\memory(1525,7):
  see declaration of 'std::shared_ptr<spdlog::logger>'
  
C:\Dev\VoxelGame\Cubes\src\Cubes\Utility\Log.h(19,49): warning C4251: 'Cubes::Log::_clientLogger': class 'std::shared_ptr<spdlog::logger>' needs to have dll-interface to be used by clients of class 'Cubes::Log'
  (compiling source file 'src/VoxelGame.cpp')
  C:\Program Files\Microsoft Visual Studio\2022\Community\VC\Tools\MSVC\14.39.33519\include\memory(1525,7):
  see declaration of 'std::shared_ptr<spdlog::logger>'
  
C:\Dev\VoxelGame\Cubes\src\Cubes\Layer.h(19,15): warning C4251: 'Cubes::Layer::_debugName': class 'std::basic_string<char,std::char_traits<char>,std::allocator<char>>' needs to have dll-interface to be used by clients of class 'Cubes::Layer'
  (compiling source file 'src/VoxelGame.cpp')
  C:\Program Files\Microsoft Visual Studio\2022\Community\VC\Tools\MSVC\14.39.33519\include\xstring(2337,7):
  see declaration of 'std::basic_string<char,std::char_traits<char>,std::allocator<char>>'
  
C:\Dev\VoxelGame\Cubes\src\Cubes\LayerStack.h(22,23): warning C4251: 'Cubes::LayerStack::_layerStack': class 'std::vector<Cubes::Layer *,std::allocator<Cubes::Layer *>>' needs to have dll-interface to be used by clients of class 'Cubes::LayerStack'
  (compiling source file 'src/VoxelGame.cpp')
  C:\Program Files\Microsoft Visual Studio\2022\Community\VC\Tools\MSVC\14.39.33519\include\vector(436,7):
  see declaration of 'std::vector<Cubes::Layer *,std::allocator<Cubes::Layer *>>'
  
C:\Dev\VoxelGame\Cubes\src\Cubes\LayerStack.h(23,33): warning C4251: 'Cubes::LayerStack::_layerInsert': class 'std::_Vector_iterator<std::_Vector_val<std::_Simple_types<_Ty>>>' needs to have dll-interface to be used by clients of class 'Cubes::LayerStack'
C:\Dev\VoxelGame\Cubes\src\Cubes\LayerStack.h(23,33): warning C4251:         with
C:\Dev\VoxelGame\Cubes\src\Cubes\LayerStack.h(23,33): warning C4251:         [
C:\Dev\VoxelGame\Cubes\src\Cubes\LayerStack.h(23,33): warning C4251:             _Ty=Cubes::Layer *
C:\Dev\VoxelGame\Cubes\src\Cubes\LayerStack.h(23,33): warning C4251:         ]
  (compiling source file 'src/VoxelGame.cpp')
  C:\Program Files\Microsoft Visual Studio\2022\Community\VC\Tools\MSVC\14.39.33519\include\vector(251,7):
  see declaration of 'std::_Vector_iterator<std::_Vector_val<std::_Simple_types<_Ty>>>'
          with
          [
              _Ty=Cubes::Layer *
          ]
  
C:\Dev\VoxelGame\Cubes\src\Cubes\Application.h(33,33): warning C4251: 'Cubes::Application::_window': class 'std::unique_ptr<Cubes::Window,std::default_delete<Cubes::Window>>' needs to have dll-interface to be used by clients of class 'Cubes::Application'
  (compiling source file 'src/VoxelGame.cpp')
  C:\Program Files\Microsoft Visual Studio\2022\Community\VC\Tools\MSVC\14.39.33519\include\memory(3172,7):
  see declaration of 'std::unique_ptr<Cubes::Window,std::default_delete<Cubes::Window>>'
  
C:\Dev\VoxelGame\Cubes\vendor\ImGUI\imgui.h(74,1): warning C4005: 'IMGUI_VERSION': macro redefinition
  (compiling source file 'src/VoxelGame.cpp')
  C:\Dev\VoxelGame\Cubes\vendor\ImGUI\imgui.h(25,1):
  see previous definition of 'IMGUI_VERSION'
  
C:\Dev\VoxelGame\Cubes\vendor\ImGUI\imgui.h(75,1): warning C4005: 'IMGUI_VERSION_NUM': macro redefinition
  (compiling source file 'src/VoxelGame.cpp')
  C:\Dev\VoxelGame\Cubes\vendor\ImGUI\imgui.h(26,1):
  see previous definition of 'IMGUI_VERSION_NUM'
  
  VoxelGame.vcxproj -> C:\Dev\VoxelGame\bin\Debug-windows-x86_64\VoxelGame\VoxelGame.exe
